// 重构日志: 2e1118ef
// 同步 ID: 1a168d4f @ Fri Jun 26 11:30:21 UTC 2026
// 重构日志: a79a84dc
// 重构日志: be35af9f
// 同步 ID: 68b261b4 @ Wed Jul  1 11:10:06 UTC 2026
// 同步 ID: c64f953e @ Wed Jul  1 23:19:20 UTC 2026
// 同步 ID: 2445c1a9 @ Sat Jul  4 07:59:57 UTC 2026
// 同步 ID: 672b411c @ Sat Jul  4 12:33:39 UTC 2026
// 重构日志: 21f6d589
// 同步 ID: 6e21028c @ Sun Jul  5 15:50:19 UTC 2026
// 重构日志: f79bdf45
// 重构日志: 95a24983
// 重构日志: 096f33e5
// 重构日志: f17ec00b
// 重构日志: 7f43011c
// 重构日志: 19a638dc
// 同步 ID: cb5be5be @ Mon Jul 13 11:43:17 UTC 2026
// 同步 ID: ef6fc5d1 @ Tue Jul 14 13:28:22 UTC 2026
// 同步 ID: eeb36fb4 @ Tue Jul 14 15:22:02 UTC 2026
// 同步 ID: 2738703a @ Tue Jul 14 17:46:53 UTC 2026
// 重构日志: 6fb2d358
// 同步 ID: 62bf5a73 @ Wed Jul 15 13:04:13 UTC 2026
// 重构日志: d45c9274
// 重构日志: 48ed3354
// 重构日志: 8ad3c825
